[2021-06-08 08:13:51] local.ERROR: SQLSTATE[HY000] [2002] No connection could be made because the target machine actively refused it.
 (SQL: select * from `users` where `phone` = 09350634343 limit 1) {"exception":"[object] (Illuminate\\Database\\QueryException(code: 2002): SQLSTATE[HY000] [2002] No connection could be made because the target machine actively refused it.
 (SQL: select * from `users` where `phone` = 09350634343 limit 1) at D:\\asadzade\\server\\vendor\\illuminate\\database\\Connection.php:678)
[stacktrace]
#0 D:\\asadzade\\server\\vendor\\illuminate\\database\\Connection.php(638): Illuminate\\Database\\Connection->runQueryCallback('select * from `...', Array, Object(Closure))
#1 D:\\asadzade\\server\\vendor\\illuminate\\database\\Connection.php(346): Illuminate\\Database\\Connection->run('select * from `...', Array, Object(Closure))
#2 D:\\asadzade\\server\\vendor\\illuminate\\database\\Query\\Builder.php(2313): Illuminate\\Database\\Connection->select('select * from `...', Array, true)
#3 D:\\asadzade\\server\\vendor\\illuminate\\database\\Query\\Builder.php(2301): Illuminate\\Database\\Query\\Builder->runSelect()
#4 D:\\asadzade\\server\\vendor\\illuminate\\database\\Query\\Builder.php(2796): Illuminate\\Database\\Query\\Builder->Illuminate\\Database\\Query\\{closure}()
#5 D:\\asadzade\\server\\vendor\\illuminate\\database\\Query\\Builder.php(2302): Illuminate\\Database\\Query\\Builder->onceWithColumns(Array, Object(Closure))
#6 D:\\asadzade\\server\\vendor\\illuminate\\database\\Eloquent\\Builder.php(588): Illuminate\\Database\\Query\\Builder->get(Array)
#7 D:\\asadzade\\server\\vendor\\illuminate\\database\\Eloquent\\Builder.php(572): Illuminate\\Database\\Eloquent\\Builder->getModels(Array)
#8 D:\\asadzade\\server\\vendor\\illuminate\\database\\Concerns\\BuildsQueries.php(170): Illuminate\\Database\\Eloquent\\Builder->get(Array)
#9 D:\\asadzade\\server\\app\\Http\\Controllers\\UserController.php(25): Illuminate\\Database\\Eloquent\\Builder->first()
#10 D:\\asadzade\\server\\vendor\\illuminate\\container\\BoundMethod.php(36): App\\Http\\Controllers\\UserController->Login(Object(Laravel\\Lumen\\Http\\Request))
#11 D:\\asadzade\\server\\vendor\\illuminate\\container\\Util.php(40): Illuminate\\Container\\BoundMethod::Illuminate\\Container\\{closure}()
#12 D:\\asadzade\\server\\vendor\\illuminate\\container\\BoundMethod.php(93): Illuminate\\Container\\Util::unwrapIfClosure(Object(Closure))
#13 D:\\asadzade\\server\\vendor\\illuminate\\container\\BoundMethod.php(37): Illuminate\\Container\\BoundMethod::callBoundMethod(Object(Laravel\\Lumen\\Application), Array, Object(Closure))
#14 D:\\asadzade\\server\\vendor\\illuminate\\container\\Container.php(610): Illuminate\\Container\\BoundMethod::call(Object(Laravel\\Lumen\\Application), Array, Array, NULL)
#15 D:\\asadzade\\server\\vendor\\laravel\\lumen-framework\\src\\Concerns\\RoutesRequests.php(386): Illuminate\\Container\\Container->call(Array, Array)
#16 D:\\asadzade\\server\\vendor\\laravel\\lumen-framework\\src\\Concerns\\RoutesRequests.php(352): Laravel\\Lumen\\Application->callControllerCallable(Array, Array)
#17 D:\\asadzade\\server\\vendor\\laravel\\lumen-framework\\src\\Concerns\\RoutesRequests.php(326): Laravel\\Lumen\\Application->callLumenController(Object(App\\Http\\Controllers\\UserController), 'Login', Array)
#18 D:\\asadzade\\server\\vendor\\laravel\\lumen-framework\\src\\Concerns\\RoutesRequests.php(279): Laravel\\Lumen\\Application->callControllerAction(Array)
#19 D:\\asadzade\\server\\vendor\\laravel\\lumen-framework\\src\\Concerns\\RoutesRequests.php(264): Laravel\\Lumen\\Application->callActionOnArrayBasedRoute(Array)
#20 D:\\asadzade\\server\\vendor\\laravel\\lumen-framework\\src\\Concerns\\RoutesRequests.php(166): Laravel\\Lumen\\Application->handleFoundRoute(Array)
#21 D:\\asadzade\\server\\vendor\\laravel\\lumen-framework\\src\\Routing\\Pipeline.php(48): Laravel\\Lumen\\Application->Laravel\\Lumen\\Concerns\\{closure}(Object(Laravel\\Lumen\\Http\\Request))
#22 D:\\asadzade\\server\\app\\Http\\Middleware\\CorsMiddleware.php(30): Laravel\\Lumen\\Routing\\Pipeline->Laravel\\Lumen\\Routing\\{closure}(Object(Laravel\\Lumen\\Http\\Request))
#23 D:\\asadzade\\server\\vendor\\illuminate\\pipeline\\Pipeline.php(167): App\\Http\\Middleware\\CorsMiddleware->handle(Object(Laravel\\Lumen\\Http\\Request), Object(Closure))
#24 D:\\asadzade\\server\\vendor\\laravel\\lumen-framework\\src\\Routing\\Pipeline.php(30): Illuminate\\Pipeline\\Pipeline->Illuminate\\Pipeline\\{closure}(Object(Laravel\\Lumen\\Http\\Request))
#25 D:\\asadzade\\server\\vendor\\illuminate\\pipeline\\Pipeline.php(103): Laravel\\Lumen\\Routing\\Pipeline->Laravel\\Lumen\\Routing\\{closure}(Object(Laravel\\Lumen\\Http\\Request))
#26 D:\\asadzade\\server\\vendor\\laravel\\lumen-framework\\src\\Concerns\\RoutesRequests.php(423): Illuminate\\Pipeline\\Pipeline->then(Object(Closure))
#27 D:\\asadzade\\server\\vendor\\laravel\\lumen-framework\\src\\Concerns\\RoutesRequests.php(172): Laravel\\Lumen\\Application->sendThroughPipeline(Array, Object(Closure))
#28 D:\\asadzade\\server\\vendor\\laravel\\lumen-framework\\src\\Concerns\\RoutesRequests.php(109): Laravel\\Lumen\\Application->dispatch(NULL)
#29 D:\\asadzade\\server\\public\\index.php(29): Laravel\\Lumen\\Application->run()
#30 {main}

[previous exception] [object] (PDOException(code: 2002): SQLSTATE[HY000] [2002] No connection could be made because the target machine actively refused it.
 at D:\\asadzade\\server\\vendor\\illuminate\\database\\Connectors\\Connector.php:70)
[stacktrace]
#0 D:\\asadzade\\server\\vendor\\illuminate\\database\\Connectors\\Connector.php(70): PDO->__construct('mysql:host=loca...', 'root', NULL, Array)
#1 D:\\asadzade\\server\\vendor\\illuminate\\database\\Connectors\\Connector.php(46): Illuminate\\Database\\Connectors\\Connector->createPdoConnection('mysql:host=loca...', 'root', NULL, Array)
#2 D:\\asadzade\\server\\vendor\\illuminate\\database\\Connectors\\MySqlConnector.php(24): Illuminate\\Database\\Connectors\\Connector->createConnection('mysql:host=loca...', Array, Array)
#3 D:\\asadzade\\server\\vendor\\illuminate\\database\\Connectors\\ConnectionFactory.php(184): Illuminate\\Database\\Connectors\\MySqlConnector->connect(Array)
#4 [internal function]: Illuminate\\Database\\Connectors\\ConnectionFactory->Illuminate\\Database\\Connectors\\{closure}()
#5 D:\\asadzade\\server\\vendor\\illuminate\\database\\Connection.php(939): call_user_func(Object(Closure))
#6 D:\\asadzade\\server\\vendor\\illuminate\\database\\Connection.php(974): Illuminate\\Database\\Connection->getPdo()
#7 D:\\asadzade\\server\\vendor\\illuminate\\database\\Connection.php(412): Illuminate\\Database\\Connection->getReadPdo()
#8 D:\\asadzade\\server\\vendor\\illuminate\\database\\Connection.php(338): Illuminate\\Database\\Connection->getPdoForSelect(true)
#9 D:\\asadzade\\server\\vendor\\illuminate\\database\\Connection.php(671): Illuminate\\Database\\Connection->Illuminate\\Database\\{closure}('select * from `...', Array)
#10 D:\\asadzade\\server\\vendor\\illuminate\\database\\Connection.php(638): Illuminate\\Database\\Connection->runQueryCallback('select * from `...', Array, Object(Closure))
#11 D:\\asadzade\\server\\vendor\\illuminate\\database\\Connection.php(346): Illuminate\\Database\\Connection->run('select * from `...', Array, Object(Closure))
#12 D:\\asadzade\\server\\vendor\\illuminate\\database\\Query\\Builder.php(2313): Illuminate\\Database\\Connection->select('select * from `...', Array, true)
#13 D:\\asadzade\\server\\vendor\\illuminate\\database\\Query\\Builder.php(2301): Illuminate\\Database\\Query\\Builder->runSelect()
#14 D:\\asadzade\\server\\vendor\\illuminate\\database\\Query\\Builder.php(2796): Illuminate\\Database\\Query\\Builder->Illuminate\\Database\\Query\\{closure}()
#15 D:\\asadzade\\server\\vendor\\illuminate\\database\\Query\\Builder.php(2302): Illuminate\\Database\\Query\\Builder->onceWithColumns(Array, Object(Closure))
#16 D:\\asadzade\\server\\vendor\\illuminate\\database\\Eloquent\\Builder.php(588): Illuminate\\Database\\Query\\Builder->get(Array)
#17 D:\\asadzade\\server\\vendor\\illuminate\\database\\Eloquent\\Builder.php(572): Illuminate\\Database\\Eloquent\\Builder->getModels(Array)
#18 D:\\asadzade\\server\\vendor\\illuminate\\database\\Concerns\\BuildsQueries.php(170): Illuminate\\Database\\Eloquent\\Builder->get(Array)
#19 D:\\asadzade\\server\\app\\Http\\Controllers\\UserController.php(25): Illuminate\\Database\\Eloquent\\Builder->first()
#20 D:\\asadzade\\server\\vendor\\illuminate\\container\\BoundMethod.php(36): App\\Http\\Controllers\\UserController->Login(Object(Laravel\\Lumen\\Http\\Request))
#21 D:\\asadzade\\server\\vendor\\illuminate\\container\\Util.php(40): Illuminate\\Container\\BoundMethod::Illuminate\\Container\\{closure}()
#22 D:\\asadzade\\server\\vendor\\illuminate\\container\\BoundMethod.php(93): Illuminate\\Container\\Util::unwrapIfClosure(Object(Closure))
#23 D:\\asadzade\\server\\vendor\\illuminate\\container\\BoundMethod.php(37): Illuminate\\Container\\BoundMethod::callBoundMethod(Object(Laravel\\Lumen\\Application), Array, Object(Closure))
#24 D:\\asadzade\\server\\vendor\\illuminate\\container\\Container.php(610): Illuminate\\Container\\BoundMethod::call(Object(Laravel\\Lumen\\Application), Array, Array, NULL)
#25 D:\\asadzade\\server\\vendor\\laravel\\lumen-framework\\src\\Concerns\\RoutesRequests.php(386): Illuminate\\Container\\Container->call(Array, Array)
#26 D:\\asadzade\\server\\vendor\\laravel\\lumen-framework\\src\\Concerns\\RoutesRequests.php(352): Laravel\\Lumen\\Application->callControllerCallable(Array, Array)
#27 D:\\asadzade\\server\\vendor\\laravel\\lumen-framework\\src\\Concerns\\RoutesRequests.php(326): Laravel\\Lumen\\Application->callLumenController(Object(App\\Http\\Controllers\\UserController), 'Login', Array)
#28 D:\\asadzade\\server\\vendor\\laravel\\lumen-framework\\src\\Concerns\\RoutesRequests.php(279): Laravel\\Lumen\\Application->callControllerAction(Array)
#29 D:\\asadzade\\server\\vendor\\laravel\\lumen-framework\\src\\Concerns\\RoutesRequests.php(264): Laravel\\Lumen\\Application->callActionOnArrayBasedRoute(Array)
#30 D:\\asadzade\\server\\vendor\\laravel\\lumen-framework\\src\\Concerns\\RoutesRequests.php(166): Laravel\\Lumen\\Application->handleFoundRoute(Array)
#31 D:\\asadzade\\server\\vendor\\laravel\\lumen-framework\\src\\Routing\\Pipeline.php(48): Laravel\\Lumen\\Application->Laravel\\Lumen\\Concerns\\{closure}(Object(Laravel\\Lumen\\Http\\Request))
#32 D:\\asadzade\\server\\app\\Http\\Middleware\\CorsMiddleware.php(30): Laravel\\Lumen\\Routing\\Pipeline->Laravel\\Lumen\\Routing\\{closure}(Object(Laravel\\Lumen\\Http\\Request))
#33 D:\\asadzade\\server\\vendor\\illuminate\\pipeline\\Pipeline.php(167): App\\Http\\Middleware\\CorsMiddleware->handle(Object(Laravel\\Lumen\\Http\\Request), Object(Closure))
#34 D:\\asadzade\\server\\vendor\\laravel\\lumen-framework\\src\\Routing\\Pipeline.php(30): Illuminate\\Pipeline\\Pipeline->Illuminate\\Pipeline\\{closure}(Object(Laravel\\Lumen\\Http\\Request))
#35 D:\\asadzade\\server\\vendor\\illuminate\\pipeline\\Pipeline.php(103): Laravel\\Lumen\\Routing\\Pipeline->Laravel\\Lumen\\Routing\\{closure}(Object(Laravel\\Lumen\\Http\\Request))
#36 D:\\asadzade\\server\\vendor\\laravel\\lumen-framework\\src\\Concerns\\RoutesRequests.php(423): Illuminate\\Pipeline\\Pipeline->then(Object(Closure))
#37 D:\\asadzade\\server\\vendor\\laravel\\lumen-framework\\src\\Concerns\\RoutesRequests.php(172): Laravel\\Lumen\\Application->sendThroughPipeline(Array, Object(Closure))
#38 D:\\asadzade\\server\\vendor\\laravel\\lumen-framework\\src\\Concerns\\RoutesRequests.php(109): Laravel\\Lumen\\Application->dispatch(NULL)
#39 D:\\asadzade\\server\\public\\index.php(29): Laravel\\Lumen\\Application->run()
#40 {main}
"} 
[2021-06-08 08:14:28] local.ERROR: SQLSTATE[HY000] [2002] No connection could be made because the target machine actively refused it.
 (SQL: select * from `users` where `phone` = 09350634343 limit 1) {"exception":"[object] (Illuminate\\Database\\QueryException(code: 2002): SQLSTATE[HY000] [2002] No connection could be made because the target machine actively refused it.
 (SQL: select * from `users` where `phone` = 09350634343 limit 1) at D:\\asadzade\\server\\vendor\\illuminate\\database\\Connection.php:678)
[stacktrace]
#0 D:\\asadzade\\server\\vendor\\illuminate\\database\\Connection.php(638): Illuminate\\Database\\Connection->runQueryCallback('select * from `...', Array, Object(Closure))
#1 D:\\asadzade\\server\\vendor\\illuminate\\database\\Connection.php(346): Illuminate\\Database\\Connection->run('select * from `...', Array, Object(Closure))
#2 D:\\asadzade\\server\\vendor\\illuminate\\database\\Query\\Builder.php(2313): Illuminate\\Database\\Connection->select('select * from `...', Array, true)
#3 D:\\asadzade\\server\\vendor\\illuminate\\database\\Query\\Builder.php(2301): Illuminate\\Database\\Query\\Builder->runSelect()
#4 D:\\asadzade\\server\\vendor\\illuminate\\database\\Query\\Builder.php(2796): Illuminate\\Database\\Query\\Builder->Illuminate\\Database\\Query\\{closure}()
#5 D:\\asadzade\\server\\vendor\\illuminate\\database\\Query\\Builder.php(2302): Illuminate\\Database\\Query\\Builder->onceWithColumns(Array, Object(Closure))
#6 D:\\asadzade\\server\\vendor\\illuminate\\database\\Eloquent\\Builder.php(588): Illuminate\\Database\\Query\\Builder->get(Array)
#7 D:\\asadzade\\server\\vendor\\illuminate\\database\\Eloquent\\Builder.php(572): Illuminate\\Database\\Eloquent\\Builder->getModels(Array)
#8 D:\\asadzade\\server\\vendor\\illuminate\\database\\Concerns\\BuildsQueries.php(170): Illuminate\\Database\\Eloquent\\Builder->get(Array)
#9 D:\\asadzade\\server\\app\\Http\\Controllers\\UserController.php(25): Illuminate\\Database\\Eloquent\\Builder->first()
#10 D:\\asadzade\\server\\vendor\\illuminate\\container\\BoundMethod.php(36): App\\Http\\Controllers\\UserController->Login(Object(Laravel\\Lumen\\Http\\Request))
#11 D:\\asadzade\\server\\vendor\\illuminate\\container\\Util.php(40): Illuminate\\Container\\BoundMethod::Illuminate\\Container\\{closure}()
#12 D:\\asadzade\\server\\vendor\\illuminate\\container\\BoundMethod.php(93): Illuminate\\Container\\Util::unwrapIfClosure(Object(Closure))
#13 D:\\asadzade\\server\\vendor\\illuminate\\container\\BoundMethod.php(37): Illuminate\\Container\\BoundMethod::callBoundMethod(Object(Laravel\\Lumen\\Application), Array, Object(Closure))
#14 D:\\asadzade\\server\\vendor\\illuminate\\container\\Container.php(610): Illuminate\\Container\\BoundMethod::call(Object(Laravel\\Lumen\\Application), Array, Array, NULL)
#15 D:\\asadzade\\server\\vendor\\laravel\\lumen-framework\\src\\Concerns\\RoutesRequests.php(386): Illuminate\\Container\\Container->call(Array, Array)
#16 D:\\asadzade\\server\\vendor\\laravel\\lumen-framework\\src\\Concerns\\RoutesRequests.php(352): Laravel\\Lumen\\Application->callControllerCallable(Array, Array)
#17 D:\\asadzade\\server\\vendor\\laravel\\lumen-framework\\src\\Concerns\\RoutesRequests.php(326): Laravel\\Lumen\\Application->callLumenController(Object(App\\Http\\Controllers\\UserController), 'Login', Array)
#18 D:\\asadzade\\server\\vendor\\laravel\\lumen-framework\\src\\Concerns\\RoutesRequests.php(279): Laravel\\Lumen\\Application->callControllerAction(Array)
#19 D:\\asadzade\\server\\vendor\\laravel\\lumen-framework\\src\\Concerns\\RoutesRequests.php(264): Laravel\\Lumen\\Application->callActionOnArrayBasedRoute(Array)
#20 D:\\asadzade\\server\\vendor\\laravel\\lumen-framework\\src\\Concerns\\RoutesRequests.php(166): Laravel\\Lumen\\Application->handleFoundRoute(Array)
#21 D:\\asadzade\\server\\vendor\\laravel\\lumen-framework\\src\\Routing\\Pipeline.php(48): Laravel\\Lumen\\Application->Laravel\\Lumen\\Concerns\\{closure}(Object(Laravel\\Lumen\\Http\\Request))
#22 D:\\asadzade\\server\\app\\Http\\Middleware\\CorsMiddleware.php(30): Laravel\\Lumen\\Routing\\Pipeline->Laravel\\Lumen\\Routing\\{closure}(Object(Laravel\\Lumen\\Http\\Request))
#23 D:\\asadzade\\server\\vendor\\illuminate\\pipeline\\Pipeline.php(167): App\\Http\\Middleware\\CorsMiddleware->handle(Object(Laravel\\Lumen\\Http\\Request), Object(Closure))
#24 D:\\asadzade\\server\\vendor\\laravel\\lumen-framework\\src\\Routing\\Pipeline.php(30): Illuminate\\Pipeline\\Pipeline->Illuminate\\Pipeline\\{closure}(Object(Laravel\\Lumen\\Http\\Request))
#25 D:\\asadzade\\server\\vendor\\illuminate\\pipeline\\Pipeline.php(103): Laravel\\Lumen\\Routing\\Pipeline->Laravel\\Lumen\\Routing\\{closure}(Object(Laravel\\Lumen\\Http\\Request))
#26 D:\\asadzade\\server\\vendor\\laravel\\lumen-framework\\src\\Concerns\\RoutesRequests.php(423): Illuminate\\Pipeline\\Pipeline->then(Object(Closure))
#27 D:\\asadzade\\server\\vendor\\laravel\\lumen-framework\\src\\Concerns\\RoutesRequests.php(172): Laravel\\Lumen\\Application->sendThroughPipeline(Array, Object(Closure))
#28 D:\\asadzade\\server\\vendor\\laravel\\lumen-framework\\src\\Concerns\\RoutesRequests.php(109): Laravel\\Lumen\\Application->dispatch(NULL)
#29 D:\\asadzade\\server\\public\\index.php(29): Laravel\\Lumen\\Application->run()
#30 {main}

[previous exception] [object] (PDOException(code: 2002): SQLSTATE[HY000] [2002] No connection could be made because the target machine actively refused it.
 at D:\\asadzade\\server\\vendor\\illuminate\\database\\Connectors\\Connector.php:70)
[stacktrace]
#0 D:\\asadzade\\server\\vendor\\illuminate\\database\\Connectors\\Connector.php(70): PDO->__construct('mysql:host=loca...', 'root', NULL, Array)
#1 D:\\asadzade\\server\\vendor\\illuminate\\database\\Connectors\\Connector.php(46): Illuminate\\Database\\Connectors\\Connector->createPdoConnection('mysql:host=loca...', 'root', NULL, Array)
#2 D:\\asadzade\\server\\vendor\\illuminate\\database\\Connectors\\MySqlConnector.php(24): Illuminate\\Database\\Connectors\\Connector->createConnection('mysql:host=loca...', Array, Array)
#3 D:\\asadzade\\server\\vendor\\illuminate\\database\\Connectors\\ConnectionFactory.php(184): Illuminate\\Database\\Connectors\\MySqlConnector->connect(Array)
#4 [internal function]: Illuminate\\Database\\Connectors\\ConnectionFactory->Illuminate\\Database\\Connectors\\{closure}()
#5 D:\\asadzade\\server\\vendor\\illuminate\\database\\Connection.php(939): call_user_func(Object(Closure))
#6 D:\\asadzade\\server\\vendor\\illuminate\\database\\Connection.php(974): Illuminate\\Database\\Connection->getPdo()
#7 D:\\asadzade\\server\\vendor\\illuminate\\database\\Connection.php(412): Illuminate\\Database\\Connection->getReadPdo()
#8 D:\\asadzade\\server\\vendor\\illuminate\\database\\Connection.php(338): Illuminate\\Database\\Connection->getPdoForSelect(true)
#9 D:\\asadzade\\server\\vendor\\illuminate\\database\\Connection.php(671): Illuminate\\Database\\Connection->Illuminate\\Database\\{closure}('select * from `...', Array)
#10 D:\\asadzade\\server\\vendor\\illuminate\\database\\Connection.php(638): Illuminate\\Database\\Connection->runQueryCallback('select * from `...', Array, Object(Closure))
#11 D:\\asadzade\\server\\vendor\\illuminate\\database\\Connection.php(346): Illuminate\\Database\\Connection->run('select * from `...', Array, Object(Closure))
#12 D:\\asadzade\\server\\vendor\\illuminate\\database\\Query\\Builder.php(2313): Illuminate\\Database\\Connection->select('select * from `...', Array, true)
#13 D:\\asadzade\\server\\vendor\\illuminate\\database\\Query\\Builder.php(2301): Illuminate\\Database\\Query\\Builder->runSelect()
#14 D:\\asadzade\\server\\vendor\\illuminate\\database\\Query\\Builder.php(2796): Illuminate\\Database\\Query\\Builder->Illuminate\\Database\\Query\\{closure}()
#15 D:\\asadzade\\server\\vendor\\illuminate\\database\\Query\\Builder.php(2302): Illuminate\\Database\\Query\\Builder->onceWithColumns(Array, Object(Closure))
#16 D:\\asadzade\\server\\vendor\\illuminate\\database\\Eloquent\\Builder.php(588): Illuminate\\Database\\Query\\Builder->get(Array)
#17 D:\\asadzade\\server\\vendor\\illuminate\\database\\Eloquent\\Builder.php(572): Illuminate\\Database\\Eloquent\\Builder->getModels(Array)
#18 D:\\asadzade\\server\\vendor\\illuminate\\database\\Concerns\\BuildsQueries.php(170): Illuminate\\Database\\Eloquent\\Builder->get(Array)
#19 D:\\asadzade\\server\\app\\Http\\Controllers\\UserController.php(25): Illuminate\\Database\\Eloquent\\Builder->first()
#20 D:\\asadzade\\server\\vendor\\illuminate\\container\\BoundMethod.php(36): App\\Http\\Controllers\\UserController->Login(Object(Laravel\\Lumen\\Http\\Request))
#21 D:\\asadzade\\server\\vendor\\illuminate\\container\\Util.php(40): Illuminate\\Container\\BoundMethod::Illuminate\\Container\\{closure}()
#22 D:\\asadzade\\server\\vendor\\illuminate\\container\\BoundMethod.php(93): Illuminate\\Container\\Util::unwrapIfClosure(Object(Closure))
#23 D:\\asadzade\\server\\vendor\\illuminate\\container\\BoundMethod.php(37): Illuminate\\Container\\BoundMethod::callBoundMethod(Object(Laravel\\Lumen\\Application), Array, Object(Closure))
#24 D:\\asadzade\\server\\vendor\\illuminate\\container\\Container.php(610): Illuminate\\Container\\BoundMethod::call(Object(Laravel\\Lumen\\Application), Array, Array, NULL)
#25 D:\\asadzade\\server\\vendor\\laravel\\lumen-framework\\src\\Concerns\\RoutesRequests.php(386): Illuminate\\Container\\Container->call(Array, Array)
#26 D:\\asadzade\\server\\vendor\\laravel\\lumen-framework\\src\\Concerns\\RoutesRequests.php(352): Laravel\\Lumen\\Application->callControllerCallable(Array, Array)
#27 D:\\asadzade\\server\\vendor\\laravel\\lumen-framework\\src\\Concerns\\RoutesRequests.php(326): Laravel\\Lumen\\Application->callLumenController(Object(App\\Http\\Controllers\\UserController), 'Login', Array)
#28 D:\\asadzade\\server\\vendor\\laravel\\lumen-framework\\src\\Concerns\\RoutesRequests.php(279): Laravel\\Lumen\\Application->callControllerAction(Array)
#29 D:\\asadzade\\server\\vendor\\laravel\\lumen-framework\\src\\Concerns\\RoutesRequests.php(264): Laravel\\Lumen\\Application->callActionOnArrayBasedRoute(Array)
#30 D:\\asadzade\\server\\vendor\\laravel\\lumen-framework\\src\\Concerns\\RoutesRequests.php(166): Laravel\\Lumen\\Application->handleFoundRoute(Array)
#31 D:\\asadzade\\server\\vendor\\laravel\\lumen-framework\\src\\Routing\\Pipeline.php(48): Laravel\\Lumen\\Application->Laravel\\Lumen\\Concerns\\{closure}(Object(Laravel\\Lumen\\Http\\Request))
#32 D:\\asadzade\\server\\app\\Http\\Middleware\\CorsMiddleware.php(30): Laravel\\Lumen\\Routing\\Pipeline->Laravel\\Lumen\\Routing\\{closure}(Object(Laravel\\Lumen\\Http\\Request))
#33 D:\\asadzade\\server\\vendor\\illuminate\\pipeline\\Pipeline.php(167): App\\Http\\Middleware\\CorsMiddleware->handle(Object(Laravel\\Lumen\\Http\\Request), Object(Closure))
#34 D:\\asadzade\\server\\vendor\\laravel\\lumen-framework\\src\\Routing\\Pipeline.php(30): Illuminate\\Pipeline\\Pipeline->Illuminate\\Pipeline\\{closure}(Object(Laravel\\Lumen\\Http\\Request))
#35 D:\\asadzade\\server\\vendor\\illuminate\\pipeline\\Pipeline.php(103): Laravel\\Lumen\\Routing\\Pipeline->Laravel\\Lumen\\Routing\\{closure}(Object(Laravel\\Lumen\\Http\\Request))
#36 D:\\asadzade\\server\\vendor\\laravel\\lumen-framework\\src\\Concerns\\RoutesRequests.php(423): Illuminate\\Pipeline\\Pipeline->then(Object(Closure))
#37 D:\\asadzade\\server\\vendor\\laravel\\lumen-framework\\src\\Concerns\\RoutesRequests.php(172): Laravel\\Lumen\\Application->sendThroughPipeline(Array, Object(Closure))
#38 D:\\asadzade\\server\\vendor\\laravel\\lumen-framework\\src\\Concerns\\RoutesRequests.php(109): Laravel\\Lumen\\Application->dispatch(NULL)
#39 D:\\asadzade\\server\\public\\index.php(29): Laravel\\Lumen\\Application->run()
#40 {main}
"} 
