[2021-04-27 23:28:27] local.ERROR: syntax error, unexpected '}', expecting ')' (View: D:\asadzade\exchange\resources\views\section\header.blade.php) (View: D:\asadzade\exchange\resources\views\section\header.blade.php) {"exception":"[object] (ErrorException(code: 0): syntax error, unexpected '}', expecting ')' (View: D:\\asadzade\\exchange\esources\\views\\section\\header.blade.php) (View: D:\\asadzade\\exchange\esources\\views\\section\\header.blade.php) at D:\\asadzade\\exchange\\storage\\framework\\views\\7125fc8474fc416c5f6794ccb17bd49ccb24f3d9.php:9)
[stacktrace]
#0 D:\\asadzade\\exchange\\vendor\\illuminate\\view\\Engines\\PhpEngine.php(60): Illuminate\\View\\Engines\\CompilerEngine->handleViewException(Object(ErrorException), 1)
#1 D:\\asadzade\\exchange\\vendor\\illuminate\\view\\Engines\\CompilerEngine.php(61): Illuminate\\View\\Engines\\PhpEngine->evaluatePath('D:\\\\asadzade\\\\exc...', Array)
#2 D:\\asadzade\\exchange\\vendor\\illuminate\\view\\View.php(139): Illuminate\\View\\Engines\\CompilerEngine->get('D:\\\\asadzade\\\\exc...', Array)
#3 D:\\asadzade\\exchange\\vendor\\illuminate\\view\\View.php(122): Illuminate\\View\\View->getContents()
#4 D:\\asadzade\\exchange\\vendor\\illuminate\\view\\View.php(91): Illuminate\\View\\View->renderContents()
#5 D:\\asadzade\\exchange\\vendor\\illuminate\\http\\Response.php(62): Illuminate\\View\\View->render()
#6 D:\\asadzade\\exchange\\vendor\\illuminate\\http\\Response.php(34): Illuminate\\Http\\Response->setContent(Object(Illuminate\\View\\View))
#7 D:\\asadzade\\exchange\\vendor\\laravel\\lumen-framework\\src\\Concerns\\RoutesRequests.php(446): Illuminate\\Http\\Response->__construct(Object(Illuminate\\View\\View))
#8 D:\\asadzade\\exchange\\vendor\\laravel\\lumen-framework\\src\\Concerns\\RoutesRequests.php(386): Laravel\\Lumen\\Application->prepareResponse(Object(Illuminate\\View\\View))
#9 D:\\asadzade\\exchange\\vendor\\laravel\\lumen-framework\\src\\Concerns\\RoutesRequests.php(352): Laravel\\Lumen\\Application->callControllerCallable(Array, Array)
#10 D:\\asadzade\\exchange\\vendor\\laravel\\lumen-framework\\src\\Concerns\\RoutesRequests.php(326): Laravel\\Lumen\\Application->callLumenController(Object(App\\Http\\Controllers\\HomeController), 'index', Array)
#11 D:\\asadzade\\exchange\\vendor\\laravel\\lumen-framework\\src\\Concerns\\RoutesRequests.php(279): Laravel\\Lumen\\Application->callControllerAction(Array)
#12 D:\\asadzade\\exchange\\vendor\\laravel\\lumen-framework\\src\\Concerns\\RoutesRequests.php(264): Laravel\\Lumen\\Application->callActionOnArrayBasedRoute(Array)
#13 D:\\asadzade\\exchange\\vendor\\laravel\\lumen-framework\\src\\Concerns\\RoutesRequests.php(166): Laravel\\Lumen\\Application->handleFoundRoute(Array)
#14 D:\\asadzade\\exchange\\vendor\\laravel\\lumen-framework\\src\\Routing\\Pipeline.php(48): Laravel\\Lumen\\Application->Laravel\\Lumen\\Concerns\\{closure}(Object(Laravel\\Lumen\\Http\\Request))
#15 D:\\asadzade\\exchange\\app\\Http\\Middleware\\CorsMiddleware.php(30): Laravel\\Lumen\\Routing\\Pipeline->Laravel\\Lumen\\Routing\\{closure}(Object(Laravel\\Lumen\\Http\\Request))
#16 D:\\asadzade\\exchange\\vendor\\illuminate\\pipeline\\Pipeline.php(167): App\\Http\\Middleware\\CorsMiddleware->handle(Object(Laravel\\Lumen\\Http\\Request), Object(Closure))
#17 D:\\asadzade\\exchange\\vendor\\laravel\\lumen-framework\\src\\Routing\\Pipeline.php(30): Illuminate\\Pipeline\\Pipeline->Illuminate\\Pipeline\\{closure}(Object(Laravel\\Lumen\\Http\\Request))
#18 D:\\asadzade\\exchange\\vendor\\illuminate\\pipeline\\Pipeline.php(103): Laravel\\Lumen\\Routing\\Pipeline->Laravel\\Lumen\\Routing\\{closure}(Object(Laravel\\Lumen\\Http\\Request))
#19 D:\\asadzade\\exchange\\vendor\\laravel\\lumen-framework\\src\\Concerns\\RoutesRequests.php(423): Illuminate\\Pipeline\\Pipeline->then(Object(Closure))
#20 D:\\asadzade\\exchange\\vendor\\laravel\\lumen-framework\\src\\Concerns\\RoutesRequests.php(172): Laravel\\Lumen\\Application->sendThroughPipeline(Array, Object(Closure))
#21 D:\\asadzade\\exchange\\vendor\\laravel\\lumen-framework\\src\\Concerns\\RoutesRequests.php(109): Laravel\\Lumen\\Application->dispatch(NULL)
#22 D:\\asadzade\\exchange\\public\\index.php(29): Laravel\\Lumen\\Application->run()
#23 {main}

[previous exception] [object] (ErrorException(code: 0): syntax error, unexpected '}', expecting ')' (View: D:\\asadzade\\exchange\esources\\views\\section\\header.blade.php) at D:\\asadzade\\exchange\\storage\\framework\\views\\7125fc8474fc416c5f6794ccb17bd49ccb24f3d9.php:9)
[stacktrace]
#0 D:\\asadzade\\exchange\\vendor\\illuminate\\view\\Engines\\PhpEngine.php(60): Illuminate\\View\\Engines\\CompilerEngine->handleViewException(Object(ParseError), 3)
#1 D:\\asadzade\\exchange\\vendor\\illuminate\\view\\Engines\\CompilerEngine.php(61): Illuminate\\View\\Engines\\PhpEngine->evaluatePath('D:\\\\asadzade\\\\exc...', Array)
#2 D:\\asadzade\\exchange\\vendor\\illuminate\\view\\View.php(139): Illuminate\\View\\Engines\\CompilerEngine->get('D:\\\\asadzade\\\\exc...', Array)
#3 D:\\asadzade\\exchange\\vendor\\illuminate\\view\\View.php(122): Illuminate\\View\\View->getContents()
#4 D:\\asadzade\\exchange\\vendor\\illuminate\\view\\View.php(91): Illuminate\\View\\View->renderContents()
#5 D:\\asadzade\\exchange\\storage\\framework\\views\\8389e5691e02bd8f0a0579971897ab883623887a.php(6): Illuminate\\View\\View->render()
#6 D:\\asadzade\\exchange\\vendor\\illuminate\\filesystem\\Filesystem.php(107): require('D:\\\\asadzade\\\\exc...')
#7 D:\\asadzade\\exchange\\vendor\\illuminate\\filesystem\\Filesystem.php(108): Illuminate\\Filesystem\\Filesystem::Illuminate\\Filesystem\\{closure}()
#8 D:\\asadzade\\exchange\\vendor\\illuminate\\view\\Engines\\PhpEngine.php(58): Illuminate\\Filesystem\\Filesystem->getRequire('D:\\\\asadzade\\\\exc...', Array)
#9 D:\\asadzade\\exchange\\vendor\\illuminate\\view\\Engines\\CompilerEngine.php(61): Illuminate\\View\\Engines\\PhpEngine->evaluatePath('D:\\\\asadzade\\\\exc...', Array)
#10 D:\\asadzade\\exchange\\vendor\\illuminate\\view\\View.php(139): Illuminate\\View\\Engines\\CompilerEngine->get('D:\\\\asadzade\\\\exc...', Array)
#11 D:\\asadzade\\exchange\\vendor\\illuminate\\view\\View.php(122): Illuminate\\View\\View->getContents()
#12 D:\\asadzade\\exchange\\vendor\\illuminate\\view\\View.php(91): Illuminate\\View\\View->renderContents()
#13 D:\\asadzade\\exchange\\vendor\\illuminate\\http\\Response.php(62): Illuminate\\View\\View->render()
#14 D:\\asadzade\\exchange\\vendor\\illuminate\\http\\Response.php(34): Illuminate\\Http\\Response->setContent(Object(Illuminate\\View\\View))
#15 D:\\asadzade\\exchange\\vendor\\laravel\\lumen-framework\\src\\Concerns\\RoutesRequests.php(446): Illuminate\\Http\\Response->__construct(Object(Illuminate\\View\\View))
#16 D:\\asadzade\\exchange\\vendor\\laravel\\lumen-framework\\src\\Concerns\\RoutesRequests.php(386): Laravel\\Lumen\\Application->prepareResponse(Object(Illuminate\\View\\View))
#17 D:\\asadzade\\exchange\\vendor\\laravel\\lumen-framework\\src\\Concerns\\RoutesRequests.php(352): Laravel\\Lumen\\Application->callControllerCallable(Array, Array)
#18 D:\\asadzade\\exchange\\vendor\\laravel\\lumen-framework\\src\\Concerns\\RoutesRequests.php(326): Laravel\\Lumen\\Application->callLumenController(Object(App\\Http\\Controllers\\HomeController), 'index', Array)
#19 D:\\asadzade\\exchange\\vendor\\laravel\\lumen-framework\\src\\Concerns\\RoutesRequests.php(279): Laravel\\Lumen\\Application->callControllerAction(Array)
#20 D:\\asadzade\\exchange\\vendor\\laravel\\lumen-framework\\src\\Concerns\\RoutesRequests.php(264): Laravel\\Lumen\\Application->callActionOnArrayBasedRoute(Array)
#21 D:\\asadzade\\exchange\\vendor\\laravel\\lumen-framework\\src\\Concerns\\RoutesRequests.php(166): Laravel\\Lumen\\Application->handleFoundRoute(Array)
#22 D:\\asadzade\\exchange\\vendor\\laravel\\lumen-framework\\src\\Routing\\Pipeline.php(48): Laravel\\Lumen\\Application->Laravel\\Lumen\\Concerns\\{closure}(Object(Laravel\\Lumen\\Http\\Request))
#23 D:\\asadzade\\exchange\\app\\Http\\Middleware\\CorsMiddleware.php(30): Laravel\\Lumen\\Routing\\Pipeline->Laravel\\Lumen\\Routing\\{closure}(Object(Laravel\\Lumen\\Http\\Request))
#24 D:\\asadzade\\exchange\\vendor\\illuminate\\pipeline\\Pipeline.php(167): App\\Http\\Middleware\\CorsMiddleware->handle(Object(Laravel\\Lumen\\Http\\Request), Object(Closure))
#25 D:\\asadzade\\exchange\\vendor\\laravel\\lumen-framework\\src\\Routing\\Pipeline.php(30): Illuminate\\Pipeline\\Pipeline->Illuminate\\Pipeline\\{closure}(Object(Laravel\\Lumen\\Http\\Request))
#26 D:\\asadzade\\exchange\\vendor\\illuminate\\pipeline\\Pipeline.php(103): Laravel\\Lumen\\Routing\\Pipeline->Laravel\\Lumen\\Routing\\{closure}(Object(Laravel\\Lumen\\Http\\Request))
#27 D:\\asadzade\\exchange\\vendor\\laravel\\lumen-framework\\src\\Concerns\\RoutesRequests.php(423): Illuminate\\Pipeline\\Pipeline->then(Object(Closure))
#28 D:\\asadzade\\exchange\\vendor\\laravel\\lumen-framework\\src\\Concerns\\RoutesRequests.php(172): Laravel\\Lumen\\Application->sendThroughPipeline(Array, Object(Closure))
#29 D:\\asadzade\\exchange\\vendor\\laravel\\lumen-framework\\src\\Concerns\\RoutesRequests.php(109): Laravel\\Lumen\\Application->dispatch(NULL)
#30 D:\\asadzade\\exchange\\public\\index.php(29): Laravel\\Lumen\\Application->run()
#31 {main}

[previous exception] [object] (ParseError(code: 0): syntax error, unexpected '}', expecting ')' at D:\\asadzade\\exchange\\storage\\framework\\views\\7125fc8474fc416c5f6794ccb17bd49ccb24f3d9.php:9)
[stacktrace]
#0 D:\\asadzade\\exchange\\vendor\\illuminate\\filesystem\\Filesystem.php(108): Illuminate\\Filesystem\\Filesystem::Illuminate\\Filesystem\\{closure}()
#1 D:\\asadzade\\exchange\\vendor\\illuminate\\view\\Engines\\PhpEngine.php(58): Illuminate\\Filesystem\\Filesystem->getRequire('D:\\\\asadzade\\\\exc...', Array)
#2 D:\\asadzade\\exchange\\vendor\\illuminate\\view\\Engines\\CompilerEngine.php(61): Illuminate\\View\\Engines\\PhpEngine->evaluatePath('D:\\\\asadzade\\\\exc...', Array)
#3 D:\\asadzade\\exchange\\vendor\\illuminate\\view\\View.php(139): Illuminate\\View\\Engines\\CompilerEngine->get('D:\\\\asadzade\\\\exc...', Array)
#4 D:\\asadzade\\exchange\\vendor\\illuminate\\view\\View.php(122): Illuminate\\View\\View->getContents()
#5 D:\\asadzade\\exchange\\vendor\\illuminate\\view\\View.php(91): Illuminate\\View\\View->renderContents()
#6 D:\\asadzade\\exchange\\storage\\framework\\views\\8389e5691e02bd8f0a0579971897ab883623887a.php(6): Illuminate\\View\\View->render()
#7 D:\\asadzade\\exchange\\vendor\\illuminate\\filesystem\\Filesystem.php(107): require('D:\\\\asadzade\\\\exc...')
#8 D:\\asadzade\\exchange\\vendor\\illuminate\\filesystem\\Filesystem.php(108): Illuminate\\Filesystem\\Filesystem::Illuminate\\Filesystem\\{closure}()
#9 D:\\asadzade\\exchange\\vendor\\illuminate\\view\\Engines\\PhpEngine.php(58): Illuminate\\Filesystem\\Filesystem->getRequire('D:\\\\asadzade\\\\exc...', Array)
#10 D:\\asadzade\\exchange\\vendor\\illuminate\\view\\Engines\\CompilerEngine.php(61): Illuminate\\View\\Engines\\PhpEngine->evaluatePath('D:\\\\asadzade\\\\exc...', Array)
#11 D:\\asadzade\\exchange\\vendor\\illuminate\\view\\View.php(139): Illuminate\\View\\Engines\\CompilerEngine->get('D:\\\\asadzade\\\\exc...', Array)
#12 D:\\asadzade\\exchange\\vendor\\illuminate\\view\\View.php(122): Illuminate\\View\\View->getContents()
#13 D:\\asadzade\\exchange\\vendor\\illuminate\\view\\View.php(91): Illuminate\\View\\View->renderContents()
#14 D:\\asadzade\\exchange\\vendor\\illuminate\\http\\Response.php(62): Illuminate\\View\\View->render()
#15 D:\\asadzade\\exchange\\vendor\\illuminate\\http\\Response.php(34): Illuminate\\Http\\Response->setContent(Object(Illuminate\\View\\View))
#16 D:\\asadzade\\exchange\\vendor\\laravel\\lumen-framework\\src\\Concerns\\RoutesRequests.php(446): Illuminate\\Http\\Response->__construct(Object(Illuminate\\View\\View))
#17 D:\\asadzade\\exchange\\vendor\\laravel\\lumen-framework\\src\\Concerns\\RoutesRequests.php(386): Laravel\\Lumen\\Application->prepareResponse(Object(Illuminate\\View\\View))
#18 D:\\asadzade\\exchange\\vendor\\laravel\\lumen-framework\\src\\Concerns\\RoutesRequests.php(352): Laravel\\Lumen\\Application->callControllerCallable(Array, Array)
#19 D:\\asadzade\\exchange\\vendor\\laravel\\lumen-framework\\src\\Concerns\\RoutesRequests.php(326): Laravel\\Lumen\\Application->callLumenController(Object(App\\Http\\Controllers\\HomeController), 'index', Array)
#20 D:\\asadzade\\exchange\\vendor\\laravel\\lumen-framework\\src\\Concerns\\RoutesRequests.php(279): Laravel\\Lumen\\Application->callControllerAction(Array)
#21 D:\\asadzade\\exchange\\vendor\\laravel\\lumen-framework\\src\\Concerns\\RoutesRequests.php(264): Laravel\\Lumen\\Application->callActionOnArrayBasedRoute(Array)
#22 D:\\asadzade\\exchange\\vendor\\laravel\\lumen-framework\\src\\Concerns\\RoutesRequests.php(166): Laravel\\Lumen\\Application->handleFoundRoute(Array)
#23 D:\\asadzade\\exchange\\vendor\\laravel\\lumen-framework\\src\\Routing\\Pipeline.php(48): Laravel\\Lumen\\Application->Laravel\\Lumen\\Concerns\\{closure}(Object(Laravel\\Lumen\\Http\\Request))
#24 D:\\asadzade\\exchange\\app\\Http\\Middleware\\CorsMiddleware.php(30): Laravel\\Lumen\\Routing\\Pipeline->Laravel\\Lumen\\Routing\\{closure}(Object(Laravel\\Lumen\\Http\\Request))
#25 D:\\asadzade\\exchange\\vendor\\illuminate\\pipeline\\Pipeline.php(167): App\\Http\\Middleware\\CorsMiddleware->handle(Object(Laravel\\Lumen\\Http\\Request), Object(Closure))
#26 D:\\asadzade\\exchange\\vendor\\laravel\\lumen-framework\\src\\Routing\\Pipeline.php(30): Illuminate\\Pipeline\\Pipeline->Illuminate\\Pipeline\\{closure}(Object(Laravel\\Lumen\\Http\\Request))
#27 D:\\asadzade\\exchange\\vendor\\illuminate\\pipeline\\Pipeline.php(103): Laravel\\Lumen\\Routing\\Pipeline->Laravel\\Lumen\\Routing\\{closure}(Object(Laravel\\Lumen\\Http\\Request))
#28 D:\\asadzade\\exchange\\vendor\\laravel\\lumen-framework\\src\\Concerns\\RoutesRequests.php(423): Illuminate\\Pipeline\\Pipeline->then(Object(Closure))
#29 D:\\asadzade\\exchange\\vendor\\laravel\\lumen-framework\\src\\Concerns\\RoutesRequests.php(172): Laravel\\Lumen\\Application->sendThroughPipeline(Array, Object(Closure))
#30 D:\\asadzade\\exchange\\vendor\\laravel\\lumen-framework\\src\\Concerns\\RoutesRequests.php(109): Laravel\\Lumen\\Application->dispatch(NULL)
#31 D:\\asadzade\\exchange\\public\\index.php(29): Laravel\\Lumen\\Application->run()
#32 {main}
"} 
