[2021-05-27 09:31:17] local.ERROR: SQLSTATE[22003]: Numeric value out of range: 1264 Out of range value for column 'amount' at row 1 (SQL: insert into `transaction` (`user_id`, `coin`, `address`, `amount`, `data`, `updated_at`, `created_at`) values (1, IR, , 10000000, , 2021-05-27 09:31:17, 2021-05-27 09:31:17)) {"exception":"[object] (Illuminate\\Database\\QueryException(code: 22003): SQLSTATE[22003]: Numeric value out of range: 1264 Out of range value for column 'amount' at row 1 (SQL: insert into `transaction` (`user_id`, `coin`, `address`, `amount`, `data`, `updated_at`, `created_at`) values (1, IR, , 10000000, , 2021-05-27 09:31:17, 2021-05-27 09:31:17)) at D:\\asadzade\\exchange\\vendor\\illuminate\\database\\Connection.php:678)
[stacktrace]
#0 D:\\asadzade\\exchange\\vendor\\illuminate\\database\\Connection.php(638): Illuminate\\Database\\Connection->runQueryCallback('insert into `tr...', Array, Object(Closure))
#1 D:\\asadzade\\exchange\\vendor\\illuminate\\database\\Connection.php(472): Illuminate\\Database\\Connection->run('insert into `tr...', Array, Object(Closure))
#2 D:\\asadzade\\exchange\\vendor\\illuminate\\database\\Connection.php(424): Illuminate\\Database\\Connection->statement('insert into `tr...', Array)
#3 D:\\asadzade\\exchange\\vendor\\illuminate\\database\\Query\\Processors\\Processor.php(32): Illuminate\\Database\\Connection->insert('insert into `tr...', Array)
#4 D:\\asadzade\\exchange\\vendor\\illuminate\\database\\Query\\Builder.php(2882): Illuminate\\Database\\Query\\Processors\\Processor->processInsertGetId(Object(Illuminate\\Database\\Query\\Builder), 'insert into `tr...', Array, 'id')
#5 D:\\asadzade\\exchange\\vendor\\illuminate\\database\\Eloquent\\Builder.php(1547): Illuminate\\Database\\Query\\Builder->insertGetId(Array, 'id')
#6 D:\\asadzade\\exchange\\vendor\\illuminate\\database\\Eloquent\\Model.php(1051): Illuminate\\Database\\Eloquent\\Builder->__call('insertGetId', Array)
#7 D:\\asadzade\\exchange\\vendor\\illuminate\\database\\Eloquent\\Model.php(1016): Illuminate\\Database\\Eloquent\\Model->insertAndSetId(Object(Illuminate\\Database\\Eloquent\\Builder), Array)
#8 D:\\asadzade\\exchange\\vendor\\illuminate\\database\\Eloquent\\Model.php(857): Illuminate\\Database\\Eloquent\\Model->performInsert(Object(Illuminate\\Database\\Eloquent\\Builder))
#9 D:\\asadzade\\exchange\\vendor\\illuminate\\database\\Eloquent\\Builder.php(816): Illuminate\\Database\\Eloquent\\Model->save()
#10 D:\\asadzade\\exchange\\vendor\\illuminate\\support\\helpers.php(263): Illuminate\\Database\\Eloquent\\Builder->Illuminate\\Database\\Eloquent\\{closure}(Object(App\\Models\\Transaction))
#11 D:\\asadzade\\exchange\\vendor\\illuminate\\database\\Eloquent\\Builder.php(817): tap(Object(App\\Models\\Transaction), Object(Closure))
#12 D:\\asadzade\\exchange\\vendor\\illuminate\\support\\Traits\\ForwardsCalls.php(23): Illuminate\\Database\\Eloquent\\Builder->create(Array)
#13 D:\\asadzade\\exchange\\vendor\\illuminate\\database\\Eloquent\\Model.php(1885): Illuminate\\Database\\Eloquent\\Model->forwardCallTo(Object(Illuminate\\Database\\Eloquent\\Builder), 'create', Array)
#14 D:\\asadzade\\exchange\\vendor\\illuminate\\database\\Eloquent\\Model.php(1897): Illuminate\\Database\\Eloquent\\Model->__call('create', Array)
#15 D:\\asadzade\\exchange\\app\\Http\\Controllers\\WalletController.php(46): Illuminate\\Database\\Eloquent\\Model::__callStatic('create', Array)
#16 D:\\asadzade\\exchange\\vendor\\illuminate\\container\\BoundMethod.php(36): App\\Http\\Controllers\\WalletController->Trasactions(Object(Laravel\\Lumen\\Http\\Request))
#17 D:\\asadzade\\exchange\\vendor\\illuminate\\container\\Util.php(40): Illuminate\\Container\\BoundMethod::Illuminate\\Container\\{closure}()
#18 D:\\asadzade\\exchange\\vendor\\illuminate\\container\\BoundMethod.php(93): Illuminate\\Container\\Util::unwrapIfClosure(Object(Closure))
#19 D:\\asadzade\\exchange\\vendor\\illuminate\\container\\BoundMethod.php(37): Illuminate\\Container\\BoundMethod::callBoundMethod(Object(Laravel\\Lumen\\Application), Array, Object(Closure))
#20 D:\\asadzade\\exchange\\vendor\\illuminate\\container\\Container.php(610): Illuminate\\Container\\BoundMethod::call(Object(Laravel\\Lumen\\Application), Array, Array, NULL)
#21 D:\\asadzade\\exchange\\vendor\\laravel\\lumen-framework\\src\\Concerns\\RoutesRequests.php(386): Illuminate\\Container\\Container->call(Array, Array)
#22 D:\\asadzade\\exchange\\vendor\\laravel\\lumen-framework\\src\\Concerns\\RoutesRequests.php(352): Laravel\\Lumen\\Application->callControllerCallable(Array, Array)
#23 D:\\asadzade\\exchange\\vendor\\laravel\\lumen-framework\\src\\Concerns\\RoutesRequests.php(326): Laravel\\Lumen\\Application->callLumenController(Object(App\\Http\\Controllers\\WalletController), 'Trasactions', Array)
#24 D:\\asadzade\\exchange\\vendor\\laravel\\lumen-framework\\src\\Concerns\\RoutesRequests.php(279): Laravel\\Lumen\\Application->callControllerAction(Array)
#25 D:\\asadzade\\exchange\\vendor\\laravel\\lumen-framework\\src\\Concerns\\RoutesRequests.php(259): Laravel\\Lumen\\Application->callActionOnArrayBasedRoute(Array)
#26 D:\\asadzade\\exchange\\vendor\\laravel\\lumen-framework\\src\\Routing\\Pipeline.php(48): Laravel\\Lumen\\Application->Laravel\\Lumen\\Concerns\\{closure}(Object(Laravel\\Lumen\\Http\\Request))
#27 D:\\asadzade\\exchange\\app\\Http\\Middleware\\JwtMiddleware.php(35): Laravel\\Lumen\\Routing\\Pipeline->Laravel\\Lumen\\Routing\\{closure}(Object(Laravel\\Lumen\\Http\\Request))
#28 D:\\asadzade\\exchange\\vendor\\illuminate\\pipeline\\Pipeline.php(167): App\\Http\\Middleware\\JwtMiddleware->handle(Object(Laravel\\Lumen\\Http\\Request), Object(Closure))
#29 D:\\asadzade\\exchange\\vendor\\laravel\\lumen-framework\\src\\Routing\\Pipeline.php(30): Illuminate\\Pipeline\\Pipeline->Illuminate\\Pipeline\\{closure}(Object(Laravel\\Lumen\\Http\\Request))
#30 D:\\asadzade\\exchange\\vendor\\illuminate\\pipeline\\Pipeline.php(103): Laravel\\Lumen\\Routing\\Pipeline->Laravel\\Lumen\\Routing\\{closure}(Object(Laravel\\Lumen\\Http\\Request))
#31 D:\\asadzade\\exchange\\vendor\\laravel\\lumen-framework\\src\\Concerns\\RoutesRequests.php(423): Illuminate\\Pipeline\\Pipeline->then(Object(Closure))
#32 D:\\asadzade\\exchange\\vendor\\laravel\\lumen-framework\\src\\Concerns\\RoutesRequests.php(260): Laravel\\Lumen\\Application->sendThroughPipeline(Array, Object(Closure))
#33 D:\\asadzade\\exchange\\vendor\\laravel\\lumen-framework\\src\\Concerns\\RoutesRequests.php(166): Laravel\\Lumen\\Application->handleFoundRoute(Array)
#34 D:\\asadzade\\exchange\\vendor\\laravel\\lumen-framework\\src\\Routing\\Pipeline.php(48): Laravel\\Lumen\\Application->Laravel\\Lumen\\Concerns\\{closure}(Object(Laravel\\Lumen\\Http\\Request))
#35 D:\\asadzade\\exchange\\app\\Http\\Middleware\\CorsMiddleware.php(30): Laravel\\Lumen\\Routing\\Pipeline->Laravel\\Lumen\\Routing\\{closure}(Object(Laravel\\Lumen\\Http\\Request))
#36 D:\\asadzade\\exchange\\vendor\\illuminate\\pipeline\\Pipeline.php(167): App\\Http\\Middleware\\CorsMiddleware->handle(Object(Laravel\\Lumen\\Http\\Request), Object(Closure))
#37 D:\\asadzade\\exchange\\vendor\\laravel\\lumen-framework\\src\\Routing\\Pipeline.php(30): Illuminate\\Pipeline\\Pipeline->Illuminate\\Pipeline\\{closure}(Object(Laravel\\Lumen\\Http\\Request))
#38 D:\\asadzade\\exchange\\vendor\\illuminate\\pipeline\\Pipeline.php(103): Laravel\\Lumen\\Routing\\Pipeline->Laravel\\Lumen\\Routing\\{closure}(Object(Laravel\\Lumen\\Http\\Request))
#39 D:\\asadzade\\exchange\\vendor\\laravel\\lumen-framework\\src\\Concerns\\RoutesRequests.php(423): Illuminate\\Pipeline\\Pipeline->then(Object(Closure))
#40 D:\\asadzade\\exchange\\vendor\\laravel\\lumen-framework\\src\\Concerns\\RoutesRequests.php(172): Laravel\\Lumen\\Application->sendThroughPipeline(Array, Object(Closure))
#41 D:\\asadzade\\exchange\\vendor\\laravel\\lumen-framework\\src\\Concerns\\RoutesRequests.php(109): Laravel\\Lumen\\Application->dispatch(NULL)
#42 D:\\asadzade\\exchange\\public\\index.php(29): Laravel\\Lumen\\Application->run()
#43 {main}

[previous exception] [object] (PDOException(code: 22003): SQLSTATE[22003]: Numeric value out of range: 1264 Out of range value for column 'amount' at row 1 at D:\\asadzade\\exchange\\vendor\\illuminate\\database\\Connection.php:471)
[stacktrace]
#0 D:\\asadzade\\exchange\\vendor\\illuminate\\database\\Connection.php(471): PDOStatement->execute()
#1 D:\\asadzade\\exchange\\vendor\\illuminate\\database\\Connection.php(671): Illuminate\\Database\\Connection->Illuminate\\Database\\{closure}('insert into `tr...', Array)
#2 D:\\asadzade\\exchange\\vendor\\illuminate\\database\\Connection.php(638): Illuminate\\Database\\Connection->runQueryCallback('insert into `tr...', Array, Object(Closure))
#3 D:\\asadzade\\exchange\\vendor\\illuminate\\database\\Connection.php(472): Illuminate\\Database\\Connection->run('insert into `tr...', Array, Object(Closure))
#4 D:\\asadzade\\exchange\\vendor\\illuminate\\database\\Connection.php(424): Illuminate\\Database\\Connection->statement('insert into `tr...', Array)
#5 D:\\asadzade\\exchange\\vendor\\illuminate\\database\\Query\\Processors\\Processor.php(32): Illuminate\\Database\\Connection->insert('insert into `tr...', Array)
#6 D:\\asadzade\\exchange\\vendor\\illuminate\\database\\Query\\Builder.php(2882): Illuminate\\Database\\Query\\Processors\\Processor->processInsertGetId(Object(Illuminate\\Database\\Query\\Builder), 'insert into `tr...', Array, 'id')
#7 D:\\asadzade\\exchange\\vendor\\illuminate\\database\\Eloquent\\Builder.php(1547): Illuminate\\Database\\Query\\Builder->insertGetId(Array, 'id')
#8 D:\\asadzade\\exchange\\vendor\\illuminate\\database\\Eloquent\\Model.php(1051): Illuminate\\Database\\Eloquent\\Builder->__call('insertGetId', Array)
#9 D:\\asadzade\\exchange\\vendor\\illuminate\\database\\Eloquent\\Model.php(1016): Illuminate\\Database\\Eloquent\\Model->insertAndSetId(Object(Illuminate\\Database\\Eloquent\\Builder), Array)
#10 D:\\asadzade\\exchange\\vendor\\illuminate\\database\\Eloquent\\Model.php(857): Illuminate\\Database\\Eloquent\\Model->performInsert(Object(Illuminate\\Database\\Eloquent\\Builder))
#11 D:\\asadzade\\exchange\\vendor\\illuminate\\database\\Eloquent\\Builder.php(816): Illuminate\\Database\\Eloquent\\Model->save()
#12 D:\\asadzade\\exchange\\vendor\\illuminate\\support\\helpers.php(263): Illuminate\\Database\\Eloquent\\Builder->Illuminate\\Database\\Eloquent\\{closure}(Object(App\\Models\\Transaction))
#13 D:\\asadzade\\exchange\\vendor\\illuminate\\database\\Eloquent\\Builder.php(817): tap(Object(App\\Models\\Transaction), Object(Closure))
#14 D:\\asadzade\\exchange\\vendor\\illuminate\\support\\Traits\\ForwardsCalls.php(23): Illuminate\\Database\\Eloquent\\Builder->create(Array)
#15 D:\\asadzade\\exchange\\vendor\\illuminate\\database\\Eloquent\\Model.php(1885): Illuminate\\Database\\Eloquent\\Model->forwardCallTo(Object(Illuminate\\Database\\Eloquent\\Builder), 'create', Array)
#16 D:\\asadzade\\exchange\\vendor\\illuminate\\database\\Eloquent\\Model.php(1897): Illuminate\\Database\\Eloquent\\Model->__call('create', Array)
#17 D:\\asadzade\\exchange\\app\\Http\\Controllers\\WalletController.php(46): Illuminate\\Database\\Eloquent\\Model::__callStatic('create', Array)
#18 D:\\asadzade\\exchange\\vendor\\illuminate\\container\\BoundMethod.php(36): App\\Http\\Controllers\\WalletController->Trasactions(Object(Laravel\\Lumen\\Http\\Request))
#19 D:\\asadzade\\exchange\\vendor\\illuminate\\container\\Util.php(40): Illuminate\\Container\\BoundMethod::Illuminate\\Container\\{closure}()
#20 D:\\asadzade\\exchange\\vendor\\illuminate\\container\\BoundMethod.php(93): Illuminate\\Container\\Util::unwrapIfClosure(Object(Closure))
#21 D:\\asadzade\\exchange\\vendor\\illuminate\\container\\BoundMethod.php(37): Illuminate\\Container\\BoundMethod::callBoundMethod(Object(Laravel\\Lumen\\Application), Array, Object(Closure))
#22 D:\\asadzade\\exchange\\vendor\\illuminate\\container\\Container.php(610): Illuminate\\Container\\BoundMethod::call(Object(Laravel\\Lumen\\Application), Array, Array, NULL)
#23 D:\\asadzade\\exchange\\vendor\\laravel\\lumen-framework\\src\\Concerns\\RoutesRequests.php(386): Illuminate\\Container\\Container->call(Array, Array)
#24 D:\\asadzade\\exchange\\vendor\\laravel\\lumen-framework\\src\\Concerns\\RoutesRequests.php(352): Laravel\\Lumen\\Application->callControllerCallable(Array, Array)
#25 D:\\asadzade\\exchange\\vendor\\laravel\\lumen-framework\\src\\Concerns\\RoutesRequests.php(326): Laravel\\Lumen\\Application->callLumenController(Object(App\\Http\\Controllers\\WalletController), 'Trasactions', Array)
#26 D:\\asadzade\\exchange\\vendor\\laravel\\lumen-framework\\src\\Concerns\\RoutesRequests.php(279): Laravel\\Lumen\\Application->callControllerAction(Array)
#27 D:\\asadzade\\exchange\\vendor\\laravel\\lumen-framework\\src\\Concerns\\RoutesRequests.php(259): Laravel\\Lumen\\Application->callActionOnArrayBasedRoute(Array)
#28 D:\\asadzade\\exchange\\vendor\\laravel\\lumen-framework\\src\\Routing\\Pipeline.php(48): Laravel\\Lumen\\Application->Laravel\\Lumen\\Concerns\\{closure}(Object(Laravel\\Lumen\\Http\\Request))
#29 D:\\asadzade\\exchange\\app\\Http\\Middleware\\JwtMiddleware.php(35): Laravel\\Lumen\\Routing\\Pipeline->Laravel\\Lumen\\Routing\\{closure}(Object(Laravel\\Lumen\\Http\\Request))
#30 D:\\asadzade\\exchange\\vendor\\illuminate\\pipeline\\Pipeline.php(167): App\\Http\\Middleware\\JwtMiddleware->handle(Object(Laravel\\Lumen\\Http\\Request), Object(Closure))
#31 D:\\asadzade\\exchange\\vendor\\laravel\\lumen-framework\\src\\Routing\\Pipeline.php(30): Illuminate\\Pipeline\\Pipeline->Illuminate\\Pipeline\\{closure}(Object(Laravel\\Lumen\\Http\\Request))
#32 D:\\asadzade\\exchange\\vendor\\illuminate\\pipeline\\Pipeline.php(103): Laravel\\Lumen\\Routing\\Pipeline->Laravel\\Lumen\\Routing\\{closure}(Object(Laravel\\Lumen\\Http\\Request))
#33 D:\\asadzade\\exchange\\vendor\\laravel\\lumen-framework\\src\\Concerns\\RoutesRequests.php(423): Illuminate\\Pipeline\\Pipeline->then(Object(Closure))
#34 D:\\asadzade\\exchange\\vendor\\laravel\\lumen-framework\\src\\Concerns\\RoutesRequests.php(260): Laravel\\Lumen\\Application->sendThroughPipeline(Array, Object(Closure))
#35 D:\\asadzade\\exchange\\vendor\\laravel\\lumen-framework\\src\\Concerns\\RoutesRequests.php(166): Laravel\\Lumen\\Application->handleFoundRoute(Array)
#36 D:\\asadzade\\exchange\\vendor\\laravel\\lumen-framework\\src\\Routing\\Pipeline.php(48): Laravel\\Lumen\\Application->Laravel\\Lumen\\Concerns\\{closure}(Object(Laravel\\Lumen\\Http\\Request))
#37 D:\\asadzade\\exchange\\app\\Http\\Middleware\\CorsMiddleware.php(30): Laravel\\Lumen\\Routing\\Pipeline->Laravel\\Lumen\\Routing\\{closure}(Object(Laravel\\Lumen\\Http\\Request))
#38 D:\\asadzade\\exchange\\vendor\\illuminate\\pipeline\\Pipeline.php(167): App\\Http\\Middleware\\CorsMiddleware->handle(Object(Laravel\\Lumen\\Http\\Request), Object(Closure))
#39 D:\\asadzade\\exchange\\vendor\\laravel\\lumen-framework\\src\\Routing\\Pipeline.php(30): Illuminate\\Pipeline\\Pipeline->Illuminate\\Pipeline\\{closure}(Object(Laravel\\Lumen\\Http\\Request))
#40 D:\\asadzade\\exchange\\vendor\\illuminate\\pipeline\\Pipeline.php(103): Laravel\\Lumen\\Routing\\Pipeline->Laravel\\Lumen\\Routing\\{closure}(Object(Laravel\\Lumen\\Http\\Request))
#41 D:\\asadzade\\exchange\\vendor\\laravel\\lumen-framework\\src\\Concerns\\RoutesRequests.php(423): Illuminate\\Pipeline\\Pipeline->then(Object(Closure))
#42 D:\\asadzade\\exchange\\vendor\\laravel\\lumen-framework\\src\\Concerns\\RoutesRequests.php(172): Laravel\\Lumen\\Application->sendThroughPipeline(Array, Object(Closure))
#43 D:\\asadzade\\exchange\\vendor\\laravel\\lumen-framework\\src\\Concerns\\RoutesRequests.php(109): Laravel\\Lumen\\Application->dispatch(NULL)
#44 D:\\asadzade\\exchange\\public\\index.php(29): Laravel\\Lumen\\Application->run()
#45 {main}
"} 
